<?xml version="1.0" encoding="UTF-8"?>
<!-- Generated by org.testng.reporters.JUnitReportReporter -->
<testsuite name="com.juneproject.createcustomer.CreateCustomerPageObjectBased" tests="2" time="16.015" ignored="0" failures="0" timestamp="14 Aug 2017 11:34:08 GMT" skipped="0" hostname="NJAYAPAL-CTTXP" errors="0">
  <testcase name="createCustomer" time="9.374" classname="com.juneproject.createcustomer.CreateCustomerPageObjectBased"/>
  <testcase name="createCustomer" time="6.641" classname="com.juneproject.createcustomer.CreateCustomerPageObjectBased"/>
</testsuite> <!-- com.juneproject.createcustomer.CreateCustomerPageObjectBased -->
