<?xml version="1.0" encoding="UTF-8"?>
<!-- Generated by org.testng.reporters.JUnitReportReporter -->
<testsuite hostname="NJAYAPAL-CTTXP" name="com.juneproject.createcustomer.CreateCustomer2" tests="2" failures="0" timestamp="6 Aug 2017 06:10:25 GMT" time="35.418" errors="0">
  <testcase name="createCustomer" time="15.607" classname="com.juneproject.createcustomer.CreateCustomer2"/>
  <testcase name="createCustomer" time="19.811" classname="com.juneproject.createcustomer.CreateCustomer2"/>
</testsuite> <!-- com.juneproject.createcustomer.CreateCustomer2 -->
