<?xml version="1.0" encoding="UTF-8"?>
<!-- Generated by org.testng.reporters.JUnitReportReporter -->
<testsuite hostname="NJAYAPAL-CTTXP" name="com.juneproject.createcustomer.Createcustomer" tests="1" failures="0" timestamp="5 Aug 2017 11:01:12 GMT" time="19.714" errors="0">
  <testcase name="createCustomer" time="19.714" classname="com.juneproject.createcustomer.Createcustomer"/>
</testsuite> <!-- com.juneproject.createcustomer.Createcustomer -->
