<?xml version="1.0" encoding="UTF-8"?>
<!-- Generated by org.testng.reporters.JUnitReportReporter -->
<testsuite name="com.juneproject.createcustomer.CreateCustomer3" tests="2" time="28.979" ignored="0" failures="0" timestamp="19 Aug 2017 14:27:23 GMT" skipped="0" hostname="NJAYAPAL-CTTXP" errors="0">
  <testcase name="createCustomerWithValidData" time="17.208" classname="com.juneproject.createcustomer.CreateCustomer3"/>
  <testcase name="createCustomerWithValidData" time="11.771" classname="com.juneproject.createcustomer.CreateCustomer3"/>
</testsuite> <!-- com.juneproject.createcustomer.CreateCustomer3 -->
