<?xml version="1.0" encoding="UTF-8"?>
<!-- Generated by org.testng.reporters.JUnitReportReporter -->
<testsuite name="com.opentaps.lead.CreateLeadUsingExcel" tests="2" time="32.006" ignored="0" failures="0" timestamp="26 Jan 2018 11:47:15 GMT" skipped="0" hostname="NJAYAPAL-CTTXP" errors="0">
  <testcase name="createLead" time="13.960" classname="com.opentaps.lead.CreateLeadUsingExcel"/>
  <testcase name="createLead" time="18.046" classname="com.opentaps.lead.CreateLeadUsingExcel"/>
</testsuite> <!-- com.opentaps.lead.CreateLeadUsingExcel -->
