<?xml version="1.0" encoding="UTF-8"?>
<!-- Generated by org.testng.reporters.JUnitReportReporter -->
<testsuite name="com.selenium.basics.Class1" tests="1" time="0.031" ignored="0" failures="0" timestamp="19 Jan 2018 18:32:36 GMT" skipped="0" hostname="NJAYAPAL-CTTXP" errors="0">
  <testcase name="m1" time="0.031" classname="com.selenium.basics.Class1"/>
</testsuite> <!-- com.selenium.basics.Class1 -->
