<?xml version="1.0" encoding="UTF-8"?>
<!-- Generated by org.testng.reporters.JUnitReportReporter -->
<testsuite name="com.opentaps.lead.CreateLeadUsingDP" tests="2" time="28.809" ignored="0" failures="0" timestamp="26 Jan 2018 11:43:47 GMT" skipped="0" hostname="NJAYAPAL-CTTXP" errors="0">
  <testcase name="createLead" time="14.932" classname="com.opentaps.lead.CreateLeadUsingDP"/>
  <testcase name="createLead" time="13.877" classname="com.opentaps.lead.CreateLeadUsingDP"/>
</testsuite> <!-- com.opentaps.lead.CreateLeadUsingDP -->
