<?xml version="1.0" encoding="UTF-8"?>
<!-- Generated by org.testng.reporters.JUnitReportReporter -->
<testsuite name="com.selenium.basics.IrctcTestCase" tests="1" time="0.016" ignored="0" failures="0" timestamp="19 Jan 2018 19:00:32 GMT" skipped="0" hostname="NJAYAPAL-CTTXP" errors="0">
  <testcase name="f" time="0.016" classname="com.selenium.basics.IrctcTestCase"/>
</testsuite> <!-- com.selenium.basics.IrctcTestCase -->
