<?xml version="1.0" encoding="UTF-8"?>
<!-- Generated by org.testng.reporters.JUnitReportReporter -->
<testsuite name="com.opentaps.lead.CreateAndDeleteLead" tests="1" time="24.302" ignored="0" failures="0" timestamp="26 Jan 2018 09:52:04 GMT" skipped="0" hostname="NJAYAPAL-CTTXP" errors="0">
  <testcase name="f" time="24.302" classname="com.opentaps.lead.CreateAndDeleteLead"/>
</testsuite> <!-- com.opentaps.lead.CreateAndDeleteLead -->
